c:\users\jon aksel\source\repos\unnamed_desktop_project\gdi-gameengine\x64\debug\gdi-gameengine.pch
c:\users\jon aksel\source\repos\unnamed_desktop_project\gdi-gameengine\x64\debug\vc141.pdb
c:\users\jon aksel\source\repos\unnamed_desktop_project\gdi-gameengine\x64\debug\vc141.idb
c:\users\jon aksel\source\repos\unnamed_desktop_project\gdi-gameengine\x64\debug\stdafx.obj
c:\users\jon aksel\source\repos\unnamed_desktop_project\gdi-gameengine\x64\debug\window.obj
c:\users\jon aksel\source\repos\unnamed_desktop_project\gdi-gameengine\x64\debug\winmain.obj
c:\users\jon aksel\source\repos\unnamed_desktop_project\gdi-gameengine\x64\debug\timer.obj
c:\users\jon aksel\source\repos\unnamed_desktop_project\gdi-gameengine\x64\debug\graphics.obj
c:\users\jon aksel\source\repos\unnamed_desktop_project\x64\debug\gdi-gameengine.ilk
c:\users\jon aksel\source\repos\unnamed_desktop_project\x64\debug\gdi-gameengine.exe
c:\users\jon aksel\source\repos\unnamed_desktop_project\x64\debug\gdi-gameengine.pdb
c:\users\jon aksel\source\repos\unnamed_desktop_project\gdi-gameengine\x64\debug\unnamed desktop project.res
c:\users\jon aksel\source\repos\unnamed_desktop_project\gdi-gameengine\x64\debug\gdi-gameengine.tlog\cl.command.1.tlog
c:\users\jon aksel\source\repos\unnamed_desktop_project\gdi-gameengine\x64\debug\gdi-gameengine.tlog\cl.read.1.tlog
c:\users\jon aksel\source\repos\unnamed_desktop_project\gdi-gameengine\x64\debug\gdi-gameengine.tlog\cl.write.1.tlog
c:\users\jon aksel\source\repos\unnamed_desktop_project\gdi-gameengine\x64\debug\gdi-gameengine.tlog\link.command.1.tlog
c:\users\jon aksel\source\repos\unnamed_desktop_project\gdi-gameengine\x64\debug\gdi-gameengine.tlog\link.read.1.tlog
c:\users\jon aksel\source\repos\unnamed_desktop_project\gdi-gameengine\x64\debug\gdi-gameengine.tlog\link.write.1.tlog
c:\users\jon aksel\source\repos\unnamed_desktop_project\gdi-gameengine\x64\debug\gdi-gameengine.tlog\rc.command.1.tlog
c:\users\jon aksel\source\repos\unnamed_desktop_project\gdi-gameengine\x64\debug\gdi-gameengine.tlog\rc.read.1.tlog
c:\users\jon aksel\source\repos\unnamed_desktop_project\gdi-gameengine\x64\debug\gdi-gameengine.tlog\rc.write.1.tlog
